<?xml version="1.0" encoding="UTF-8"?>
<!-- Generated by org.testng.reporters.JUnitReportReporter -->
<testsuite hostname="Sais-MacBook-Air.local" failures="0" tests="4" name="Streams_Android_App.loginWithJasonTestData" time="65.844" errors="0" timestamp="2025-03-04T11:00:30 IST" skipped="0">
  <testcase classname="Streams_Android_App.loginWithJasonTestData" name="FillForm" time="16.845"/>
  <system-out/>
  <testcase classname="Streams_Android_App.loginWithJasonTestData" name="FillForm" time="16.596"/>
  <system-out/>
  <testcase classname="Streams_Android_App.loginWithJasonTestData" name="FillForm" time="15.995"/>
  <system-out/>
  <testcase classname="Streams_Android_App.loginWithJasonTestData" name="FillForm" time="16.408"/>
  <system-out/>
</testsuite> <!-- Streams_Android_App.loginWithJasonTestData -->
