<?xml version="1.0" encoding="UTF-8"?>
<!-- Generated by org.testng.reporters.JUnitReportReporter -->
<testsuite hostname="Sais-MacBook-Air.local" failures="0" tests="1" name="ExtentReports.ExtentReports" time="26.710" errors="0" timestamp="2025-03-07T10:15:49 IST" skipped="0">
  <testcase classname="ExtentReports.ExtentReports" name="login" time="26.710"/>
  <system-out/>
</testsuite> <!-- ExtentReports.ExtentReports -->
