<?xml version="1.0" encoding="UTF-8"?>
<!-- Generated by org.testng.reporters.JUnitReportReporter -->
<testsuite hostname="Sais-MacBook-Air.local" failures="0" tests="1" name="ExtentReports.loginReport" time="11.927" errors="0" timestamp="2025-03-07T10:52:36 IST" skipped="0">
  <testcase classname="ExtentReports.loginReport" name="login" time="11.927"/>
  <system-out/>
</testsuite> <!-- ExtentReports.loginReport -->
