<?xml version="1.0" encoding="UTF-8"?>
<!-- Generated by org.testng.reporters.JUnitReportReporter -->
<testsuite hostname="Sais-MacBook-Air.local" failures="0" tests="2" name="TestReport.loginReport" time="83.289" errors="0" timestamp="2025-03-14T10:36:16 IST" skipped="0">
  <testcase classname="TestReport.loginReport" name="login" time="25.348"/>
  <system-out/>
  <testcase classname="TestReport.loginReport" name="logout" time="57.941"/>
  <system-out/>
</testsuite> <!-- TestReport.loginReport -->
