<?xml version="1.0" encoding="UTF-8"?>
<!-- Generated by org.testng.reporters.JUnitReportReporter -->
<testsuite hostname="Sais-MacBook-Air.local" failures="0" tests="1" name="Streams_Android_App.privacyPolicyClick" time="11.369" errors="0" timestamp="2025-02-21T23:07:50 IST" skipped="0">
  <testcase classname="Streams_Android_App.privacyPolicyClick" name="PrivacyPolicyClick" time="11.369"/>
  <system-out/>
</testsuite> <!-- Streams_Android_App.privacyPolicyClick -->
