<?xml version="1.0" encoding="UTF-8"?>
<!-- Generated by org.testng.reporters.JUnitReportReporter -->
<testsuite hostname="Sais-MacBook-Air.local" failures="0" tests="1" name="API_Demos_App.eCommerse_tc_1" time="13.835" errors="0" timestamp="2025-02-24T12:26:36 IST" skipped="0">
  <testcase classname="API_Demos_App.eCommerse_tc_1" name="addToCart" time="13.835"/>
  <system-out/>
</testsuite> <!-- API_Demos_App.eCommerse_tc_1 -->
