<?xml version="1.0" encoding="UTF-8"?>
<!-- Generated by org.testng.reporters.JUnitReportReporter -->
<testsuite hostname="Sais-MacBook-Air.local" failures="0" tests="1" name="Streams_Android_App.login" time="24.007" errors="0" timestamp="2025-02-24T11:54:59 IST" skipped="0">
  <testcase classname="Streams_Android_App.login" name="logIntoStreams" time="24.007"/>
  <system-out/>
</testsuite> <!-- Streams_Android_App.login -->
